[    0.000000] Initializing cgroup subsys cpuset
[    .000000] Initializing cgrop subsys cpu
[    0.000000] Initializing cgroup sbsys cpacct
[   0.000000] Linux version 4.4.0137-eneric (buildd@lgw01-amd64-037) (gcc version 5.4.0 20160609 (Ubuntu 5.4.0-6ubuntu1~16.04.10) ) #163-Ubuntu SMP Mon Sep 24 13:14:43 UTC 2018 (Ubuntu 4.4.0-137.163-generic 44.4.144)
[    0.000000] Command line: BOOT_IMAGE=/boot/vmlinuz-4.4.0-137-generic root=LABEL=cloudimg-rootfs ro console=tty1 consoe=ttyS0
[   0.000000] KERNEL supported cpus:
[    0.000000]   Intel GenuineIntel
[   0.000000]   AMD AuthenticAMD
[    0.000000]   Centaur CentaurHauls
[  0.000000] x86/fpu: xstate_offset[2]:  576, xstate_sizes[2]:  256
[    0.000000] x86/fpu: Supporting XSAVE feature 0x01: 'x87 floating point registers'
[    0.000000] x86/fpu: Supporting XSAVE feature 0x02: 'SSE registers'
[    0.000000] x86/fpu: Supporting XSAVE feature 0x04: 'AVX registers'
[    0.000000] x86/fpu Enabled xtate features 0x7, context size is 832 bytes, using 'standard' format.
[    0.00000] e20: BIOS-provided physical RAM map:
[   0.000000] BIOS-e820: [mem 0x0000000000000000-0x000000000009fbff] usable
[    0.000000] BIOS-e820: [me 0x0000000009fc00-0x000000000009ffff] reserved
[    0.000000] BIOS-e820: [mem 0x00000000000f0000-0x00000000000fffff] reserved
[    0.000000] BIOS-e820: [mem 0x000000000100000-0x000000003ffeffff] usable
[    0.000000] BIOS-e820: [mem 0x000000003fff0000-0x00000003fffffff] ACPI data
[    0.000000]BIOS-e820: [mem 0x00000000fec00000--0x0000000fec00fff]reserved
[    0.00000] BIOS-e820: [mem 0x00000000fee00000-0x0000000fee00fff] reserved
[    0.000000] IOS-e820: [mem 0x0000000fffc0000-0x00000000ffffffff] reserved
[    0.000000] NX (Execute Disable) potection: active
[    0.000000] SMBIOS 2.5 present.
[   0.000000] Hypervisor dtected: KVM
[    0000000 e820: last_pfn = 0x3fff0 max_arch_pfn = 0x400000000
[    0.000000] MTRR: Disabled
[    .000000] x86/PAT: MTRRs disabled, skipping PAT initialzation too.
[    0.000000] CPU MTRRs all blank - virtualized system.
[    0.000000] x86/PAT: Configuration [0-7]: WB  WT  UC- UC  WB  WT  UC- UC  
[    0.000000] found SMP MP-table at [mem 0x0009fff0-0x0009ffff] mapped at [ffff88000009fff0]
[    0.000000] Scanning 1 areas for low memory corruption
[    0.000000] RAMDISK: [mem 0x3630e000-0x3717efff]
[    0.000000] ACPI: Early tble checksum verification disabled
[    0.000000] ACPI: RSDP 0x00000000000E0000 000024 02 VBOX  )
[    0.000000] ACPI: XSDT 0x000000003FFF0030 00003C (v01 VBOX   VBOXXSD 00000001 ASL  00000061)
[   0.00000] ACPI: FACP 0x000000003FFF00F0 0000F4 (v04 VBOX   VBOXFAP 00000001 ASL  00000061)
[   0.000000] ACPI: DSDT 0x000000003FF0470 002FF (v02 VBOX   VBOXBIOS 00000002 INTL 20100528)
[    0.000000 ACPI: FACS 0x000000003FFF0200 00040[    0.000000] ACPI: FACS 0x000000003FFF0200 000040
[    0.000000] ACPI: APIC 0x00000003FFF0240 00005C (v02 VBOX   VBOXAPIC 00000001 ASL  00000061)
[    0.000000] ACPI: SSDT 0x000000003FFF02A0 0001CC (v01 VBOX   VBOXCPUT 00000002 INTL 20100528)
[    0.000000] No NUMA configuration found
[    0.000000] Faking a node at [mem 0x0000000000000000-0x000000003ffffff]
[     0.000000] NODE_DATA(0) allocated [mem 0x3ffeb000-0x3ffefff]
[    0.000000] kvm-clock: Using msrs 4b564d01 and 4b564d00
[    0.0000] kvm-clock: cpu 0, msr 0:3ffe3001, primary cpu clockk
[    0.000000] kvm-clock: using sche offet of 3916390590 cyces
[    0.000000] clocksource: kvm-clock: mask: 0xfffffffffffffff max_cycles: 0x1cd42e4dffb, max_idle_ns: 881590591483 ns
[    0.000000] Zone ranges:
[    0.000000]  DMA      [mem 0x0000000000001000-0x0000000000ffffff]
[   0..000000]   DMA32    [mem 0x000000001000000-0x000000003feffff]
[   0.000000]   Norml   mpty
[    0.000000]  Device   empty
[   0.000000] Movable zone start for each node
[    0.000000] Earl memory node ranges
[    0.00000]   node   0: [mem 0x0000000000001000-0x00000000009efff]
[    0.000000]   node   0: [mem 0x000000000010000-0x000000003ffeffff]
[    0.000000] Initmem setup node 0 [mem 0x00000000001000-0x000000003ffffff]
[    0.000000] ACPI: PM-Timer IO Port: 0x4008
[    0.000000] OAPI[0]: apic_id 2, version 32, address 0xfec00000, GSI 0-23
[    0.000000] ACPI: INT_SRC_OVR (bus 0 bus_irq 0 global_irq 2 fl dfl)
[    0.0000] API: INT_SC_OVR (bus 0 bus_irq 9 global_irq 9 low level)
[   0.000000] Using ACPI (MADT) fr SMP configuration information
[   0.000000] smpboot: Allowing 2 CPUs, 0 hotplug CPUs
[    0.00000] M: Registered nosave memory: [mem 0x00000000-0x00000fff]
[    0.000000] PM: Registered nosave memory: [mem 0x0009f000x0009ffff]
[    0.000000] PM: Registered nosave memory: [mem 0x000a0000-0x000effff]
[    0.000000] PM: Registered nosave memory: [mem 0x000f0000-0x000fffff]
[    0.000000] e820: [mem 0x40000000-0xfebfffff] availble for PCI devices
[    0.000000] Booting paravirtualized kernel on KVM
[    0.000000] clocksource: refined-jiffies: mask: 0xffffffff max_cycles: 0xffffffff, max_idle_ns: 7645519600211568 ns
[    0.000000] setup_percpu: NR_CPUS:512 nr_cpumask_bits:512 nr_cpu_ids:2 nr_node_ids:1
[    0.000000] PERCPU: Embedded 34 pages/cpu @ffff88003fc00000 s99608 r8192 d31464 u1048576
[    0.000000] PV qspinlock hash table entries: 256 (order: 0, 4096 bytes)
[    0.000000] Built 1 zonelists in Node order, mobility groupin on.  Total pages: 257912
[    0.000000] Policy zone: DMA32
[    0.000000] Kernel command line: BOOT_IMAGE=/boot/vmlinuz-4.4.0-17-geeneric root=LABEL=cloudimg-rootfs ro console=tty1console=ttyS0
[    0.0000]  PID hashtable entries: 4096 (order: 3, 32768 byt)
[    0.000000] Memory: 99771K/1048120K available (8555K kernel code, 1314K rwdata, 4004K rodata, 1528K init, 1316K bss, 50404K reserved, 0K cma-resered)
[    0.000000] LUB: HHWalign=64, Order=0-, MinObjects=0, CPUs=2, Nodes=1
[  0.000000] KernelUser pagetables isolaion: enabled
[    0.00000 Hierarchical RCU implementation.
[    0.000000] 	Build-ime adjument of leaf fanout to 64.
[   0.000000] 	RCU restricting CPUs fromNR_CPUS=512 to nr_cu_ids=2.
[    0.000000] RCU: Adjusting eomery for cu_fanout_leaf=64, nr_cpu_ids=2
[    0.00000] NR_IRQS:33024 n_irqs:44016
[    0.000000] Console: clour VGA+ 80x25
[    .00000] console [tty1] enabled
[   0.00000] cnsole [ttyS0] enabled
[    0.000000] tsc: Detected 1599.999 MHz processor
[    2.808187] Calibrating delay loop (skipped) preset value.. 3199.99 BogoMIPS (lpj=6399996)
[    2.835187] pid_max: default: 32768 minimum: 301
[    2.837195] ACPI: Core revision 20150930
[    2.853978] ACPI: 2 ACPI AML tables successfully acquired and loaded
[    2.864794] Security Framework initialized
[    2.869626] Yama: becoming mindful.
[    2.880068] AppArmor: AppArmor initialized
[    2.892556] Dentry cache hash table entries: 131072 (order: 8, 1048576 bytes)
[    2.919978] Inode-cache hash table entries: 65536 (order: 7, 524288 bytes)
[    2.940440] Mount-cache hash table entries: 2048 (order: 2, 16384 bytes)
[    2.957186] Mountpoint-cache hash table entries: 2048 (order: 2, 16384 bytes)
[    2.974433] Initializing cgroup subsys io
[    2.994230] Initializing cgroup subsys memory
[    3.014052] Initializing cgroup subsys devices
[    3.019951] Initializing cgroup subsys freezer
[    3.036557] Initializing cgroup subsys net_cls
[    3.044014] Initializing cgroup subsys perf_event
[    3.045934] Initializing cgroup subsys net_prio
[    3.048154] Initializing cgroup subsys hugetlb
[    3.053906] Initializing cgroup subsys pids
[    3.057095] mce: CPU supports 0 MCE banks
[    3.060601] Last level iTLB entries: 4KB 64, 2MB 8, 4MB 8
[    3.068576] Last level dTLB entries: 4KB 64, 2MB 0, 4MB 0, 1GB 4
[    3.077854] Spectre V2 : Mitigation: Full generic retpoline
[    3.083663] Spectre V2 : Spectre v2 mitigation: Speculation control IBPB not-supported IBRS not-supported
[    3.092701] Spectre V2 : Spectre v2 / SpectreRSB mitigation: Filling RSB on context switch
[    3.110287] Speculative Store Bypass: Vulnerable
[    3.117326] Freeing SMP alternatives memory: 32K
[    3.134758] ftrace: allocating 32265 entries in 127 pages
[    3.245454] smpboot: APIC(0) Converting physical 0 to logical package 0
[    3.256653] smpboot: Max logical packages: 1
[    3.261868] x2apic enabled
[    3.269047] Switched APIC routing to physical x2apic.
[    3.278233] ..TIMER: vector=0x30 apic1=0 pin1=2 apic2=-1 pin2=-1
[    3.387628] smpboot: CPU0: Intel(R) Core(TM) i5-5250U CPU @ 1.60GHz (family: 0x6, model: 0x3d, stepping: 0x4)
[    3.403445] Performance Events: unsupported p6 CPU model 61 no PMU driver, software events only.
[    3.417015] KVM setup paravirtual spinlock
[    3.419424] x86: Booting SMP configuration:
[    3.421304] .... node  #0, CPUs:      #1
[    3.425669] kvm-clock: cpu 1, msr 0:3ffe3041, secondary cpu clock
[    3.428707] mce: CPU supports 0 MCE banks
[    3.431929] x86: Booted up 1 node, 2 CPUs
[    3.433949] smpboot: Total of 2 processors activated (6399.99 BogoMIPS)
[    3.441637] devtmpfs: initialized
[    3.444594] evm: security.selinux
[    3.456876] evm: security.SMACK64
[    3.461859] evm: security.SMACK64EXEC
[    3.463532] evm: security.SMACK64TRANSMUTE
[    3.471601] evm: security.SMACK64MMAP
[    3.474402] evm: security.ima
[    3.475759] evm: security.capability
[    3.485316] clocksource: jiffies: mask: 0xffffffff max_cycles: 0xffffffff, max_idle_ns: 7645041785100000 ns
[    3.490511] futex hash table entries: 512 (order: 3, 32768 bytes)
[    3.494773] pinctrl core: initialized pinctrl subsystem
[    3.499661] RTC time: 11:34:33, date: 10/29/18
[    3.509272] NET: Registered protocol family 16
[    3.520562] cpuidle: using governor ladder
[    3.532859] cpuidle: using governor menu
[    3.538875] PCCT header not found.
[    3.541552] ACPI: bus type PCI registered
[    3.543371] acpiphp: ACPI Hot Plug PCI Controller Driver version: 0.5
[    3.547469] PCI: Using configuration type 1 for base access
[    3.574302] ACPI: Added _OSI(Module Device)
[    3.582668] ACPI: Added _OSI(Processor Device)
[    3.586016] ACPI: Added _OSI(3.0 _SCP Extensions)
[    3.589663] ACPI: Added _OSI(Processor Aggregator Device)
[    3.595047] ACPI: Executed 1 blocks of module-level executable AML code
[    3.603505] ACPI: Interpreter enabled
[    3.607578] ACPI: (supports S0 S5)
[    3.610264] ACPI: Using IOAPIC for interrupt routing
[    3.617940] PCI: Using host bridge windows from ACPI; if necessary, use "pci=nocrs" and report a bug
[    3.627986] ACPI: PCI Root Bridge [PCI0] (domain 0000 [bus 00-ff])
[    3.630354] acpi PNP0A03:00: _OSC: OS supports [ASPM ClockPM Segments MSI]
[    3.638761] acpi PNP0A03:00: _OSC: not requesting OS control; OS requires [ExtendedConfig ASPM ClockPM MSI]
[    3.649808] acpi PNP0A03:00: fail to add MMCONFIG information, can't access extended PCI configuration space under this bridge.
[    3.662865] PCI host bridge to bus 0000:00
[    3.675025] pci_bus 0000:00: root bus resource [io  0x0000-0x0cf7 window]
[    3.677750] pci_bus 0000:00: root bus resource [io  0x0d00-0xffff window]
[    3.680328] pci_bus 0000:00: root bus resource [mem 0x000a0000-0x000bffff window]
[    3.685214] pci_bus 0000:00: root bus resource [mem 0x40000000-0xfdffffff window]
[    3.690036] pci_bus 0000:00: root bus resource [bus 00-ff]
[    3.701438] pci 0000:00:01.1: legacy IDE quirk: reg 0x10: [io  0x01f0-0x01f7]
[    3.707066] pci 0000:00:01.1: legacy IDE quirk: reg 0x14: [io  0x03f6]
[    3.717638] pci 0000:00:01.1: legacy IDE quirk: reg 0x18: [io  0x0170-0x0177]
[    3.721601] pci 0000:00:01.1: legacy IDE quirk: reg 0x1c: [io  0x0376]
[    3.765073] pci 0000:00:07.0: quirk: [io  0x4000-0x403f] claimed by PIIX4 ACPI
[    3.768207] pci 0000:00:07.0: quirk: [io  0x4100-0x410f] claimed by PIIX4 SMB
[    3.790490] ACPI: PCI Interrupt Link [LNKA] (IRQs 5 9 10 *11)
[    3.794267] ACPI: PCI Interrupt Link [LNKB] (IRQs 5 9 *10 11)
[    3.798881] ACPI: PCI Interrupt Link [LNKC] (IRQs 5 *9 10 11)
[    3.810528] ACPI: PCI Interrupt Link [LNKD] (IRQs 5 9 10 *11)
[    3.815752] ACPI: Enabled 2 GPEs in block 00 to 07
[    3.819233] vgaarb: setting as boot device: PCI:0000:00:02.0
[    3.822751] vgaarb: device added: PCI:0000:00:02.0,decodes=io+mem,owns=io+mem,locks=none
[    3.826514] vgaarb: loaded
[    3.833045] vgaarb: bridge control possible 0000:00:02.0
[    3.835676] SCSI subsystem initialized
[    3.837747] ACPI: bus type USB registered
[    3.842082] usbcore: registered new interface driver usbfs
[    3.855266] usbcore: registered new interface driver hub
[    3.858738] usbcore: registered new device driver usb
[    3.864856] PCI: Using ACPI for IRQ routing
[    3.870666] NetLabel: Initializing
[    3.873423] NetLabel:  domain hash size = 128
[    3.875186] NetLabel:  protocols = UNLABELED CIPSOv4
[    3.877449] NetLabel:  unlabeled traffic allowed by default
[    3.879946] amd_nb: Cannot enumerate AMD northbridges
[    3.882474] clocksource: Switched to clocksource kvm-clock
[    3.896708] AppArmor: AppArmor Filesystem Enabled
[    3.904271] pnp: PnP ACPI init
[    3.907317] pnp: PnP ACPI: found 3 devices
[    3.923553] clocksource: acpi_pm: mask: 0xffffff max_cycles: 0xffffff, max_idle_ns: 2085701024 ns
[    3.927288] NET: Registered protocol family 2
[    3.929239] TCP established hash table entries: 8192 (order: 4, 65536 bytes)
[    3.93235] TCP bind hash table entries: 8192 (order: 5, 131072 bytes)
[    3.960206] TCP: Hash tables configured (established 8192 bind 8192)
[    3.962852 UDP hash table entries: 512 (order: 2, 16384 bytes)
[    3.90531] UDP-Lite hah tale entries: 512 (order: 2, 16384 bytes)
[    4.068823] NET: Regstered protocol family 1
[   4.102013] pci 0000:00:00.0: Limiting direct PCI/PCI transfers
[    4.12947] pci 000:00:01.0: Activating ISA DMA hang workarounds
[    4.183606] Unpacking initramfs..

[    4.537037] Freeing initrd memory: 14788K
[    4.540102] RAPL PMU detected, API unit is 2^-32 Joules, 4 fixed counters 10737418240 ms ovfl timer
[    4.546074] hw unit of domain pp0-core 2^-0 Joules
[    4.548194] hw unit of domain package 2^-0 Joules
[    4.551864] hw unit of domain dram 2^-0 Joules
[    4.553781] hw unit of domain pp1-gpu 2^-0 Joules
[    4.557136] platform rtc_cmos: registered platform RTC device (no PNP device found)
[    4.560622] Scanning for low memory corruption every 60 seconds
[    4.569403] audit: initializing netlink subsys (disabled)
[    4.573178] audit: type=2000 audit(1540812876.603:1): initialized
[    4.577018] Initialise system trusted keyring
[    4.583756] HugeTLB registered 2 MB page size, pre-allocated 0 pages
[    4.588002] zbud: loaded
[    4.591129] VFS: Disk quotas dquot_6.6.0
[    4.594050] VFS: Dquot-cache hash table entries: 512 (order 0, 4096 bytes)
[    4.597334] squashfs: version 4.0 (2009/01/31) Phillip Lougher
[    4.600373] fuse init (API version 7.23)
[    4.602240] Key type big_key registered
[    4.604295] Allocating IMA MOK and blacklist keyrings.
[    4.619312] Key type asymmetric registered
[    4.620939] Asymmetric key parser 'x509' registered
[    4.622542] Block layer SCSI generic (bsg) driver version 0.4 loaded (major 249)
[    4.625172] io scheduler noop registered
[    4.626498] io scheduler deadline registered (default)
[    4.628221] io scheduler cfq registered
[    4.629624] pci_hotplug: PCI Hot Plug PCI Core version: 0.5
[    4.640648] pciehp: PCI Express Hot Plug Controller Driver version: 0.4
[    4.657173] ACPI: AC Adapter [AC] (on-line)
[    4.659049] input: Power Button as /devices/LNXSYSTM:00/LNXPWRBN:00/input/input0
[    4.668710] ACPI: Power Button [PWRF]
[    4.670383] input: Sleep Button as /devices/LNXSYSTM:00/LNXSLPBN:00/input/input1
[    4.691267] ACPI: Sleep Button [SLPF]
[    4.694905] GHES: HEST is not enabled!
[    4.694962] ACPI: Battery Slot [BAT0] (battery present)
[    4.704706] Serial: 8250/16550 driver, 32 ports, IRQ sharing enabled
[    4.733336] 00:02: ttyS0 at I/O 0x3f8 (irq = 4, base_baud = 115200) is a 16550A
[    4.742019] Linux agpgart interface v0.103
[    4.746049] loop: module loaded
[    4.748423] scsi host0: ata_piix
[    4.750033] scsi host1: ata_piix
[    4.751466] ata1: PATA max UDMA/33 cmd 0x1f0 ctl 0x3f6 bmdma 0xd000 irq 14
[    4.763825] ata2: PATA max UDMA/33 cmd 0x170 ctl 0x376 bmdma 0xd008 irq 15
[    4.768471] libphy: Fixed MDIO Bus: probed
[    4.775266] tun: Universal TUN/TAP device driver, 1.6
[    4.777200] tun: (C) 1999-2004 Max Krasnyansky <maxk@qualcomm.com>
[    4.781130] PPP generic driver version 2.4.2
[    4.787799] ehci_hcd: USB 2.0 'Enhanced' Host Controller (EHCI) Driver
[    4.793552] ehci-pci: EHCI PCI platform driver
[    4.799531] ehci-platform: EHCI generic platform driver
[    4.812125] ohci_hcd: USB 1.1 'Open' Host Controller (OHCI) Driver
[    4.821943] ohci-pci: OHCI PCI platform driver
[    4.831383] ohci-platform: OHCI generic platform driver
[    4.835822] uhci_hcd: USB Universal Host Controller Interface driver
[    4.854217] i8042: PNP: PS/2 Controller [PNP0303:PS2K,PNP0f03:PS2M] at 0x60,0x64 irq1,12
[    4.883785] serio: i8042 KBD port at 0x60,0x64 irq 1
[    4885759] serio: i8042 AUX port at 0x0,0x64 irq 12

[    4.963582] mousedev: PS/2 mouse device common for all mice
[    4.972502] input: AT Translated Set 2 keyboard as /devices/platform/i8042/serio0/input/input2
[    4.979389] rtc_cmos rtc_cmos: rtc core: registered rtc_cmos as rtc0
[    4.979458] rtc_cmos rtc_cmos: alarms up to one day, 114 bytes nvram
[    4.979467] i2c /dev entries driver
[    4.979533] device-mapper: uevent: version 1.0.3
[    4.979597] device-mapper: ioctl: 4.34.0-ioctl (2015-10-28) initialised: dm-devel@redhat.com
[    4.979619] ledtrig-cpu: registered to indicate activity on CPUs
[    4.982964] NET: Registered protocol family 10
[    4.983168] NET: Registered protocol family 17
[    4.983179] Key type dns_resolver registered
[    4.983471] registered taskstats version 1
[    4.983484] Loading compiled-in X.509 certificates
[    4.984179] Loaded X.509 cert 'Build time autogenerated kernel key: 20acc96b50ca7641011eace69d32209215a9b56f'
[    4.984199] zswap: loaded using pool lzo/zbud
[    4.986458] Key type trusted registered
[    4.990348] Key type encrypted registered
[    4.990356] AppArmor: AppArmor sha1 policy hashing enabled
[    4.990359] ima: No TPM chip found, activating TPM-bypass!
[    4.990366] ima: Allocated hash algorithm: sha1
[    4.990382] evm: HMAC attrs: 0x1
[    4.990904]   Magic number: 6:400:581
[    4.991518] rtc_cmos rtc_cmos: setting system clock to 2018-10-29 11:34:34 UTC (1540812874)
[    4.991619] BIOS EDD facility v0.16 2004-Jun-25, 0 devices found
[    4.991620] EDD information not available.
[    5.110659] Freeing unused kernel memory: 1528K
[    5.126951] Write protecting the kernel read-only data: 14336k
[    5.136103] Freeing unused kernel memory: 1672K
[    5.138212] Freeing unused kernel memory: 92K
Loading, please wait...
starting version[    5.161975] random: systemd-udevd: uninitialized urandom read (16 bytes read, 5 bits of entropy available)
 229
[    5.162843] random: udevadm: uninitialized urandom read (16 bytes read, 5 bits of entropy available)
[    5.162871] random: udevadm: uninitialized urandom read (16 bytes read, 5 bits of entropy available)
[    5.172230] random: udevadm: uninitialized urandom read (16 bytes read, 5 bits of entropy available)
[    5.172279] random: udevadm: uninitialized urandom read (16 bytes read, 5 bits of entropy available)
[    5.172429] random: udevadm: uninitialized urandom read (16 bytes read, 5 bits of entropy available)
[    5.172481] random: udevadm: uninitialized urandom read (16 bytes read, 5 bits of entropy available)
[    5.172534] random: udevadm: uninitialized urandom read (16 bytes read, 5 bits of entropy available)
[    5.172586] random: udevadm: uninitialized urandom read (16 bytes read, 5 bits of entropy available)
[    5.172637] random: udevadm: uninitialized urandom read (16 bytes read, 5 bits of entropy available)
[    5.554696] tsc: Refined TSC clocksource calibration: 1600.037 MHz
[    5.601510] clocksource: tsc: mask: 0xffffffffffffffff max_cycles: 0x171047e96f7, max_idle_ns: 440795285530 ns
[    5.702143] e1000: Intel(R) PRO/1000 Network Driver - version 7.3.21-k8-NAPI
[    5.709649] e1000: Copyright (c) 1999-2006 Intel Corporation.
[    5.727755] Fusion MPT base driver 3.04.20
[    5.731384] Copyright (c) 1999-2008 LSI Corporation
[    5.749596] Fusion MPT SPI Host driver 3.04.20
[    5.775909] AVX2 version of gcm_enc/dec engaged.
[    5.789885] AES CTR mode by8 optimization enabled
[    5.952182] input: ImExPS/2 Generic Explorer Mouse as /devices/platform/i8042/serio1/input/input4
[    6.178242] e1000 0000:00:03.0 eth0: (PCI:33MHz:32-bit) 02:28:89:27:00:51
[    6.187825] e1000 0000:00:03.0 eth0: Intel(R) PRO/1000 Network Connection
[    6.196752] mptbase: ioc0: Initiating bringup
[    6.610802] ioc0: LSI53C1030 A0: Capabilities={Initiator}
[    6.833807] scsi host2: ioc0: LSI53C1030 A0, FwRev=00000000h, Ports=1, MaxQ=256, IRQ=20
[    7.213886] scsi 2:0:0:0: Direct-Access     VBOX     HARDDISK         1.0  PQ: 0 ANSI: 5
[    7.232012] scsi target2:0:0: Beginning Domain Validation
[    7.244836] scsi target2:0:0: Domain Validation skipping write tests
[    7.247568] scsi target2:0:0: Ending Domain Validation
[    7.255600] scsi target2:0:0: asynchronous
[    7.273757] scsi 2:0:1:0: Direct-Access     VBOX     HARDDISK         1.0  PQ: 0 ANSI: 5
[    7.277207] scsi target2:0:1: Beginning Domain Validation
[    7.282271] scsi target2:0:1: Domain Validation skipping write tests
[    7.284824] scsi target2:0:1: Ending Domain Validation
[    7.292527] scsi target2:0:1: asynchronous
[    7.311619] sd 2:0:0:0: Attached scsi generic sg0 type 0
[    7.313941] sd 2:0:0:0: [sda] 20971520 512-byte logical blocks: (10.7 GB/10.0 GiB)
[    7.323246] sd 2:0:1:0: [sdb] 20480 512-byte logical blocks: (10.5 MB/10.0 MiB)
[    7.326171] sd 2:0:1:0: Attached scsi generic sg1 type 0
[    7.328735] sd 2:0:1:0: [sdb] Write Protect is off
[    7.330973] sd 2:0:1:0: [sdb] Incomplete mode parameter data
[    7.338633] sd 2:0:1:0: [sdb] Assuming drive cache: write through
[    7.341351] sd 2:0:0:0: [sda] Write Protect is off
[    7.344668] sd 2:0:0:0: [sda] Incomplete mode parameter data
[    7.347284] sd 2:0:0:0: [sda] Assuming drive cache: write through
[    7.356386]  sda: sda1
[    7.359648] sd 2:0:0:0: [sda] Attached SCSI disk
[    7.362570] sd 2:0:1:0: [sdb] Attached SCSI disk
[    7.666982] e1000 0000:00:08.0 eth1: (PCI:33MHz:32-bit) 08:00:27:cb:ac:2b
[    7.674303] e1000 0000:00:08.0 eth1: Intel(R) PRO/1000 Network Connection
[    7.678271] e1000 0000:00:03.0 enp0s3: renamed from eth0
[    7.695327] e1000 0000:00:08.0 enp0s8: renamed from eth1
Begin: Loading essential drivers ... [    9.134252] md: linear personality registered for level -1
[    9.147478] md: multipath personality registered for level -4
[    9.155483] md: raid0 personality registered for level 0
[    9.163405] md: raid1 personality registered for level 1
[    9.239057] raid6: sse2x1   gen()  8144 MB/s
[    9.307070] raid6: sse2x1   xor()  5862 MB/s
[    9.374549] raid6: sse2x2   gen()  9625 MB/s
[    9.450509] raid6: sse2x2   xor()  5953 MB/s
[    9.530679] raid6: sse2x4   gen() 10381 MB/s
[    9.619090] raid6: sse2x4   xor()  7052 MB/s
[    9.690796] raid6: avx2x1   gen() 13339 MB/s
[    9.766949] raid6: avx2x2   gen() 16104 MB/s
[    9.842778] raid6: avx2x4   gen() 17307 MB/s
[    9.844439] raid6: using algorithm avx2x4 gen() 17307 MB/s
[    9.849148] raid6: using avx2x2 recovery algorithm
[    9.857225] xor: automatically using best checksumming function:
[    9.898646]    avx       : 20229.000 MB/sec
[    9.913564] async_tx: api initialized (async)
[    9.926181] md: raid6 personality registered for level 6
[    9.928752] md: raid5 personality registered for level 5
[    9.949173] md: raid4 personality registered for level 4
[    9.969724] md: raid10 personality registered for level 10
done.
Begin: Running /scripts/init-premount ... done.
Begin: Mounting root file system ... Begin: Running /scripts/local-top ... done.
Begin: Running /scripts/local-premount ... [   10.031878] Btrfs loaded
Scanning for Btrfs filesystems
done.
Warning: fsck not present, so skipping root file system
[   10.162918] EXT4-fs (sda1): mounted filesystem with ordered data mode. Opts: (null)
done.
Begin: Running /scripts/local-bottom ... done.
Begin: Running /scripts/init-bottom ... done.
[   10.366122] systemd[1]: systemd 229 running in system mode. (+PAM +AUDIT +SELINUX +IMA +APPARMOR +SMACK +SYSVINIT +UTMP +LIBCRYPTSETUP +GCRYPT +GNUTLS +ACL +XZ -LZ4 +SECCOMP +BLKID +ELFUTILS +KMOD -IDN)
[   10.379390] systemd[1]: Detected virtualization oracle.
[   10.390804] systemd[1]: Detected architecture x86-64.

Welcome to [1mUbuntu 16.04.5 LTS[0m!

[   10.424079] systemd[1]: Set hostname to <ubuntu>.
[   10.438016] systemd[1]: Initializing machine ID from random generator.
[   10.447254] systemd[1]: Installed transient /etc/machine-id file.
[   10.796426] systemd[1]: Set up automount Arbitrary Executable File Formats File System Automount Point.
[[0;32m  OK  [0m] Set up automount Arbitrary Executab...ats File System Automount Point.
[   10.835894] systemd[1]: Listening on Journal Socket.
[[0;32m  OK  [0m] Listening on Journal Socket.
[   10.859600] systemd[1]: Listening on LVM2 metadata daemon socket.
[[0;32m  OK  [0m] Listening on LVM2 metadata daemon socket.
[   10.887170] systemd[1]: Started Forward Password Requests to Wall Directory Watch.
[[0;32m  OK  [0m] Started Forward Password Requests to Wall Directory Watch.
[   10.932278] systemd[1]: Created slice User and Session Slice.
[[0;32m  OK  [0m] Created slice User and Session Slice.
[   10.963170] systemd[1]: Listening on udev Kernel Socket.
[[0;32m  OK  [0m] Listening on udev Kernel Socket.
[   10.991439] systemd[1]: Listening on LVM2 poll daemon socket.
[[0;32m  OK  [0m] Listening on LVM2 poll daemon socket.
[   11.000255] systemd[1]: Listening on Journal Audit Socket.
[[0;32m  OK  [0m] Listening on Journal Audit Socket.
[   11.013224] systemd[1]: Started Trigger resolvconf update for networkd DNS.
[[0;32m  OK  [0m] Started Trigger resolvconf update for networkd DNS.
[   11.029902] systemd[1]: Listening on Journal Socket (/dev/log).
[[0;32m  OK  [0m] Listening on Journal Socket (/dev/log).
[   11.047405] systemd[1]: Reached target Encrypted Volumes.
[[0;32m  OK  [0m] Reached target Encrypted Volumes.
[   11.056569] systemd[1]: Reached target System Time Synchronized.
[[0;32m  OK  [0m] Reached target System Time Synchronized.
[   11.083633] systemd[1]: Listening on Device-mapper event daemon FIFOs.
[[0;32m  OK  [0m] Listening on Device-mapper event daemon FIFOs.
[   11.125218] systemd[1]: Created slice System Slice.
[[0;32m  OK  [0m] Created slice System Slice.
[   11.147457] systemd[1]: Reached target Slices.
[[0;32m  OK  [0m] Reached target Slices.
[   11.175569] systemd[1]: Starting Create list of required static device nodes for the current kernel...
         Starting Create list of required st... nodes for the current kernel...
[   11.274638] systemd[1]: Mounting Debug File System...
         Mounting Debug File System...
[   11.359610] systemd[1]: Mounting Huge Pages File System...
         Mounting Huge Pages File System...
[   11.392064] systemd[1]: Starting Uncomplicated firewall...
         Starting Uncomplicated firewall...
[   11.435431] systemd[1]: Starting Remount Root and Kernel File Systems...
[   11.440665] EXT4-fs (sda1): re-mounted. Opts: (null)
         Starting Remount Root and Kernel File Systems...
[   11.491939] systemd[1]: Created slice system-serial\x2dgetty.slice.
[[0;32m  OK  [0m] Created slice system-serial\x2dgetty.slice.
[   11.567476] systemd[1]: Starting Monitoring of LVM2 mirrors, snapshots etc. using dmeventd or progress polling...
[   11.569874] random: nonblocking pool is initialized
         Starting Monitoring of LVM2 mirrors... dmeventd or progress polling...
[   11.619430] systemd[1]: Starting Nameserver information manager...
         Starting Nameserver information manager...
[   11.644017] systemd[1]: Mounting POSIX Message Queue File System...
         Mounting POSIX Message Queue File System...
[   11.657502] systemd[1]: Reached target User and Group Name Lookups.
[[0;32m  OK  [0m] Reached target User and Group Name Lookups.
[   11.694998] systemd[1]: Starting Load Kernel Modules...
[   11.761430Loading iSCSI transport class v2.0-80.

         Starting Load Kernel Mo[   11.890924] iscsi: registered transport (tcp)
dules...
[   11.926887] systemd[1]: Reached target Swap.
[[0;32m  OK  [0m] Reached target Swap.
[   11.963132] systemd[1]: Listening on /dev/initctl Compatibility Named Pipe.
[   12025137] iscsi: registered transport (iser)
[[0;32m  OK  [0m] Listening on /dev/initctl Compatibility Named Pipe.
[   12.101434] systemd[1]: Listenin on Syslog Socket.
[[0;32m  OK  [0m] Listening on Syslog Socket.
[   12.187328] systemd[1]: Starting Journal Service...
         Starting Journal Service...
[   12.205740] systemd[1]: Listening on udev Control Socket.
[[0;32m  OK  [0m] Listening on udev Control Socket.
[   12.271442] systemd[1]: Starting Set console keymap...
         Starting Set console keymap...
[   12.305925] systemd[1]: Mounted Debug File System.
[[0;32m  OK  [0m] Mounted Debug File System.
[   12.322927] systemd[1]: Mounted POSIX Message Queue File System.
[[0;32m  OK  [0m] Mounted POSIX Message Queue File System.
[   12.451312] systemd[1]: Mounted Huge Pages File Sysm.
[[0;32m  OK  [0m] Mounted Huge Pages File System.
[  12.566523] systemd[1]: Started Journal Service.
[[0;32m  OK  [0m] Started Journal Service.
[[0;32m  OK  [0m] Started Create list of required sta...ce nodes for the current kernel.
[[0;32m  OK  [0m] Started Uncomplicated firewall.
[[0;32m  OK  [0m] Started Remount Root and Kernel File Systems.
[[0;32m  OK  [0m] Started Load Kernel Modules.
[[0;32m  OK  [0m] Started Set console keymap.
[[0;32m  OK  [0m] Started Nameserver information manager.
[[0;32m  OK  [0m] Started LVM2 metadata daemon.
         Mounting FUSE Control File System...
         Starting Apply Kernel Variables...
         Starting udev Coldplug all Devices...
         Starting Load/Save Random Seed...
         Starting Create Static Device Nodes in /dev...
         Starting Flush Journal to Persistent Storage...
[[0;32m  OK  [0m] Mounted FUSE Control File System.
[[0;32m  OK  [0m] Started Apply Kernel Variables.
[[0;32m  OK  [0m] Started Load/Save Random Seed.
[[0;32m  OK  [0m] Started Create Static Device Nodes in /dev.
[[0;32m  OK  [0m] Started udev Coldplug all Devices.
[[0;32m  OK  [0m] Started Flush Journal to Persistent Storage.
         Starting udev Kernel Device Manager...
[[0;32m  OK  [0m] Started Monitoring of LVM2 mirrors,...ng dmeventd or progress polling.
[[0;32m  OK  [0m] Started udev Kernel Device Manager.
[[0;32m  OK  [0m] Started Dispatch Password Requests to Console Directory Watch.
[[0;32m  OK  [0m] Reached target Local File Systems (Pre).
[[0;32m  OK  [0m] Reached target Local File Systems.
         Starting Create Volatile Files and Directories...
         Starting Commit a transient machine-id on disk...
         Starting LSB: AppArmor initialization...
         Starting Tell Plymouth To Write Out Runtime Data...
         Starting Set console font and keymap...
         Starting Initial cloud-init job (pre-networking)...
[[0;32m  OK  [0m] Started Create Volatile Files and Directories.
[[0;32m  OK  [0m] Started Commit a transient machine-id on disk.
[[0;32m  OK  [0m] Started Tell Plymouth To Write Out Runtime Data.
         Starting Update UTMP about System Boot/Shutdown...
[[0;32m  OK  [0m] Started Update UTMP about System Boot/Shutdown.
[[0;32m  OK  [0m] Found device /dev/ttyS0.
[[0;32m  OK  [0m] Listening on Load/Save RF Kill Switch Status /dev/rfkill Watch.
[[0;32m  OK  [0m] Started LSB: AppArmor initialization.
[[0;32m  OK  [0m] Started Set console font and keymap.
[   12.526410] cloud-init[497]: Cloud-init v. 18.3-9-g2e62cb8a-0ubuntu1~16.04.2 running 'init-local' at Mon, 29 Oct 2018 11:34:44 +0000. Up 11.71 seconds.
[[0;32m  OK  [0m] Created slice system-getty.slice.
[[0;32m  OK  [0m] Started Initial cloud-init job (pre-networking).
[[0;32m  OK  [0m] Reached target Network (Pre).
         Starting Raise network interfaces...
[[0;32m  OK  [0m] Started Raise network interfaces.
[[0;32m  OK  [0m] Reached target Network.
         Starting Initial cloud-init job (metadata service crawler)...
[   14.638682] cloud-init[949]: Cloud-init v. 18.3-9-g2e62cb8a-0ubuntu1~16.04.2 running 'init' at Mon, 29 Oct 2018 11:34:46 +0000. Up 13.73 seconds.
[   14.664837] cloud-init[949]: ci-info: +++++++++++++++++++++++++++++++++++++Net device info++++++++++++++++++++++++++++++++++++++
[   14.670228] cloud-init[949]: ci-info: +--------+-------+--------------------------+---------------+--------+-------------------+
[   14.693796] cloud-init[949]: ci-info: | Device |   Up  |         Address          |      Mask     | Scope  |     Hw-Address    |
[[0;32m  OK  [0m] Started Initial cloud-init job (metadata service crawler).
[[0;32m  OK  [0m] Reached target Network is Online.
[   14.743714] cloud-init[949]: ci-info: +--------+-------+--------------------------+---------------+--------+-------------------+
[   14.781334]          cloud-initStarting iSCSI initiator daemon (iscsid)...[949]: 
ci-info: | enp0s3 |  True |        10.0.2.15         | 255.255.255.0 | global | 02:28:89:27:00:51 |
[   14.844965] [[0;32m  OK  [0m] Reached target Cloud-config availability.
[[0;32m  OK  [0m] Reached target System Initialization.
cloud-init[949]: ci-info: | enp0s3 |  True | fe80::28:89ff:fe27:51/64 |       .       |  link  | 02:28:89:27:00:51 |
[   14.950576] cloud-init[949]: ci-info: | enp0s8 | False |            .             |       .       |   .    | 08:00:27:cb:ac:2b |
[[0;32m  OK  [0m] Started Daily apt download activities.
[   15.028407] [[0;32m  OK  [0m] Listening on UUID daemon activation socket.
[[0;32m  OK  [0m] Started Daily Cleanup of Temporary Directories.
cloud-init[949]: ci-info: |   lo   |  True |        127.0.0.1         |   255.0.0.0   |  host  |         .         |
[[0;32m  OK  [0m] Listening on ACPID Listen Socket.
         Starting LXD - unix socket.
[[0;32m  OK  [0m] Listening on D-Bus System Message Bus Socket.
[   15.033320] cloud-init[949]: ci-info: |   lo   |  True |         ::1/128          |       .       |  host  |         .         |
[   15.138169] cloud-init[949]: ci-info: +--------+-------+--------------------------+---------------+--------+-------------------+
[[0;32m  OK  [0m] Started ACPI Events Check.
[[0;32m  OK  [0m] Reached target Paths.
[[0;32m  OK  [0m] Started Daily apt upgrade and clean activities.
[   15.178338] cloud-init[949]: ci-info: +++++++++++++++++++++++++++Route IPv4 info++++++++++++++++++++++++++++
[   15.229491] cloud-init[949]: ci-info: +-------+-------------+----------+---------------+-----------+-------+
[[   15.260344] cloud-init[949]: ci-info: | Route | Destination | Gateway  |    Genmask    | Interface | Flags |
[   15.260481] cloud-init[949]: ci-info: +-------+-------------+----------+---------------+-----------+-------+
[   15.261879] cloud-init[949]: ci-info: |   0   |   0.0.0.0   | 10.0.2.2 |    0.0.0.0    |   enp0s3  |   UG  |
[   15.261927] cloud-init[949]: ci-info: |   1   |   10.0.2.0  | 0.0.0.0  | 255.255.255.0 |   enp0s3  |   U   |
[   15.261965] cloud-init[949]: ci-info: +-------+-------------+----------+---------------+-----------+-------+
[   15.262002] cloud-init[949]: ci-info: +++++++++++++++++++Route IPv6 info+++++++++++++++++++
[   15.262039] cloud-init[949]: ci-info: +-------+-------------+---------+-----------+-------+
[   15.262085] cloud-init[949]: ci-info: | Route | Destination | Gateway | Interface | Flags |
[   15.262122] cloud-init[949]: ci-info: +-------+-------------+---------+-----------+-------+
[   15.262158] cloud-init[949]: ci-info: |   0   |  fe80::/64  |    ::   |   enp0s3  |   U   |
[   15.262430] cloud-init[949]: ci-info: |   3   |   ff00::/8  |    ::   |   enp0s3  |   U   |
[   15.262474] cloud-init[949]: ci-info: +-------+-------------+---------+-----------+-------+
[   15.262512] cloud-init[949]: Generating public/private rsa key pair.
[   15.262547] cloud-init[949]: Your identification has been saved in /etc/ssh/ssh_host_rsa_key.
[   15.262583] cloud-init[949]: Your public key has been saved in /etc/ssh/ssh_host_rsa_key.pub.
[   15.262624] cloud-init[949]: The key fingerprint is:
[   15.262661] cloud-init[949]: SHA256:PgGk3lhTdfBpCwNW87w64D4N1GQiP17DY8xKiW9obRo root@ubuntu-xenial
[   15.262697] cloud-init[949]: The key's randomart image is:
[   15.262734] cloud-init[949]: +---[RSA 2048]----+
[   15.262770] cloud-init[949]: |      . +o=..    |
[   15.262806] cloud-init[949]: |     o.o..o* .   |
[   15.262842] cloud-init[949]: |    . ++ Xo *    |
[   15.263046] cloud-init[949]: |   . +.o* X+ o   |
[   15.263096] cloud-init[949]: |    o .BS= oo    |
[   15.263147] cloud-init[949]: |      EoOo .     |
[0;32m  OK  [0m] Reached target Timers.
         Starting Socket activation for snappy daemon.
[   15.263872] cloud-init[949]: |     . =+oo      |
[[0;32m  OK  [0m] Listening on LXD - unix socket.
[[0;32m  OK  [0m] Listening on Socket activation for snappy daemon.
[   16.006650] cloud-init[949]: |      ......     |
[   16.022973] cloud-init[949]: |        ..       |
[   16.036227] cloud-init[949]: +----[SHA256]-----+
[   16.050081] cloud-init[949]: Generating public/private dsa key pair.
[[0;32m  OK  [0m] Started iSCSI initiator daemon (iscsid).
[   16.059006] cloud-init[949]: Your identification has been saved in /etc/ssh/ssh_host_dsa_key.
[   16.152177] cloud-init[949]: Your public key has been saved in /etc/ssh/ssh_host_dsa_key.pub.
         Starting Login to default iSCSI targets...
[   16.154237] [cloud-init[0;32m  OK  [0m[949]: ] The key fingerprint is:Reached target Sockets.

[   16.293525] [cloud-init[0;32m  OK  [0m[949]: ] SHA256:5Tt4IlNWJtHCNKOycYBPcPhKHxxKh8gqa7M0oycrfQI root@ubuntu-xenialReached target Basic System.

[   16.365399] [cloud-init[0;32m  OK  [0m[949]: ] The key's randomart image is:Started ACPI event daemon.

[[0;32m  OK  [0m] Started Regular background program processing daemon.
         Starting /etc/rc.local Compatibility...
         Starting LSB: Record successful boot for GRUB...
[   16.383347] cloud-init[949]: +---[DSA 1024]----+
[   16.428325]          cloud-initStarting LSB: MD monitoring daemon...[949]: 
|...=o  o=.       |
[   16.437224] cloud-init[949]: |..=.+. .o+.      |
[[0;32m  OK  [0m] Started D-Bus System Message Bus.
[   16.443561] cloud-init[949]: |.. Bo.o ..+      |
[   16.449963] cloud-init[949]: |o o ==   *       |
[   16.459368] cloud-init[949]: |.o o..  S .      |
[   16.471906] cloud-init[949]: |E*. .  o . .     |
[   16.485989] cloud-init[949]: |+o=   o o +      |
[   16.502291] cloud-init[949]: |+.+ .  o o .     |
[   16.515134]          cloud-initStarting Virtualbox guest utils...[949]: 
|o+ o             |
[   16.517219] cloud-init[949]: +----[SHA256]-----+
[   16.577014] [cloud-init[0;32m  OK  [0m[949]: ] Generating public/private ecdsa key pair.Started Deferred execution scheduler.

[   16.579435] cloud-init[949]: Your identification has been saved in /etc/ssh/ssh_host_ecdsa_key.
[   16.715798]          cloud-initStarting System Logging Service...[949]: 
Your public key has been saved in /etc/ssh/ssh_host_ecdsa_key.pub.
[   16.772219]          cloud-initStarting Snappy daemon...[949]: 
The key fingerprint is:
[   16.774260] cloud-init[949]: SHA256:mnaW4yAsb6nHMrB9jPjCq+uwpIKNlCtfN5/h2/JoCR4 root@ubuntu-xenial
[   16.913580]          Starting Accounts Service...
cloud-init[949]: The key's randomart image is:
[   16.957041] [cloud-init[0;32m  OK  [0m[949]: ] +---[ECDSA 256]---+Started Unattended Upgrades Shutdown.

[   16.995044] [[0;32m  OK  [0m] Started FUSE filesystem for LXC.
cloud-init[949]: |                 |
         Starting Login Service...
         Starting Pollinate to seed the pseudo random number generator...
[   17.019860] cloud-init[949]: |                 |
[   17.083379] cloud-init[949]: |                 |
         Starting LXD - container startup/shutdown...
[   17.086713] [cloud-init[0;32m  OK  [0m[949]: ] |                 |Started System Logging Service.

[   17.134906] [cloud-init[0;32m  OK  [0m[949]: ] |  .     S        |Started Snappy daemon.

[   17.163479] [cloud-init[0;32m  OK  [0m[949]: ] |.o .  Eo .       |Started /etc/rc.local Compatibility.

[   17.234333] cloud-init[949]: |=Oo++oBo*.       |
[   17.305021] [[0;32m  OK  [0m] Started Login to default iSCSI targets.
cloud-init[949]: |%+*+B+.O+*       |
[   17.380411] [cloud-init[0;32m  OK  [0m[949]: ] Started LSB: Record successful boot for GRUB.
|XB=B.  .B+o      |
[[0;32m  OK  [0m] Started LSB: MD monitoring daemon.
[[0;32m  OK  [0m] Started LXD - container startup/shutdown.
[   17.499653] cloud-init[949]: +----[SHA256]-----+
[   17.546362] cloud-init[949]: Generating public/private ed25519 key pair.
[   17.573428] cloud-init[949]: Your identification has been saved in /etc/ssh/ssh_host_ed25519_key.
[   17.605048] cloud-init[949]: Your public key has been saved in /etc/ssh/ssh_host_ed25519_key.pub.
[   17.633362] cloud-init[949]: The key fingerprint is:
[   17.642572] cloud-init[949]: SHA256:sjZBM6OmqOFPGIxbpdjB0NyD0AeDrDF91GyJaupzLvY root@ubuntu-xenial
[   17.669333] cloud-init[949]: The key's randomart image is:
[[   17.680108] cloud-init[949]: +--[ED25519 256]--+
[   17.681365] cloud-init[949]: |+Bo=.+ .         |
[   17.683500] cloud-init[949]: |++*.* =          |
[   17.685151] cloud-init[949]: |.oo+.o=          |
[   17.687924] cloud-init[949]: |+oo+ o +         |
[0;32m  OK  [0m[   17.688041] cloud-init[949]: |o=+ o o S        |
[   17.690856] cloud-init[949]: |.+oo   +         |
[   17.691761] cloud-init[949]: |=...  +          |
[   17.694659] cloud-init[949]: |o*.. . .         |
[   17.694939] cloud-init[949]: |o.BE             |
] Started Pollinate to seed the pseudo random number generator.
[   17.699720] cloud-init[949]: +----[SHA256]-----+
[[0;32m  OK  [0m] Started Virtualbox guest utils.
         Starting Authenticate and Authorize Users to Run Privileged Tasks...
         Starting OpenBSD Secure Shell server...
[[0;32m  OK  [0m] Reached target Remote File Systems (Pre).
[[0;32m  OK  [0m] Reached target Remote File Systems.
         Starting LSB: automatic crash report generation...
         Starting LSB: daemon to balance interrupts for SMP systems...
         Starting LSB: Set the CPU Frequency Scaling governor to "ondemand"...
         Starting Permit User Sessions...
         Starting Wait until snapd is fully seeded...
[[0;32m  OK  [0m] Started OpenBSD Secure Shell server.
[[0;32m  OK  [0m] Started Permit User Sessions.
[[0;32m  OK  [0m] Started Login Service.
[[0;32m  OK  [0m] Started Authenticate and Authorize Users to Run Privileged Tasks.
[[0;32m  OK  [0m] Started Accounts Service.
[[0;32m  OK  [0m] Started LSB: Set the CPU Frequency Scaling governor to "ondemand".
[[0;32m  OK  [0m] Started LSB: automatic crash report generation.
[[0;32m  OK  [0m] Started LSB: daemon to balance interrupts for SMP systems.
[[0;32m  OK  [0m] Created slice User Slice of vagrant.
[[0;32m  OK  [0m] Started Session 1 of user vagrant.
         Starting User Manager for UID 1000...
         Starting Terminate Plymouth Boot Screen...
         Starting Hold until boot process finishes up...
[[0;32m  OK  [0m] Started Hold until boot process finishes up.
[[0;32m  OK  [0m] Started Terminate Plymouth Boot Screen.
         Starting Set console scheme...
[[0;32m  OK  [0m] Started Serial Getty on ttyS0.
[[0;32m  OK  [0m] Started Getty on tty1.
[[0;32m  OK  [0m] Reached target Login Prompts.
[[0;32m  OK  [0m] Started User Manager for UID 1000.
[[0;32m  OK  [0m] Started Set console scheme.
[[0;32m  OK  [0m] Started Wait until snapd is fully seeded.
         Starting Apply the settings specified in cloud-config...
[[0;32m  OK  [0m] Reached target Multi-User System.
[[0;32m  OK  [0m] Reached target Graphical Interface.
         Starting Update UTMP about System Runlevel Changes...
[[0;32m  OK  [0m] Started Update UTMP about System Runlevel Changes.
[   19.932776] cloud-init[1337]: Generating locales (this might take a while)...
         Stopping User Manager for UID 1000...
[[0;32m  OK  [0m] Stopped User Manager for UID 1000.
[[0;32m  OK  [0m] Removed slice User Slice of vagrant.
[   21.460957] cloud-init[1337]:   en_US.UTF-8... done
[   21.470921] cloud-init[1337]: Generation complete.
[[0;32m  OK  [0m] Created slice User Slice of vagrant.
         Starting User Manager for UID 1000...
[[0;32m  OK  [0m] Started User Manager for UID 1000.
[[0;32m  OK  [0m] Started Session 2 of user vagrant.
[   22.287155] cloud-init[1337]: Cloud-init v. 18.3-9-g2e62cb8a-0ubuntu1~16.04.2 running 'modules:config' at Mon, 29 Oct 2018 11:34:52 +0000. Up 19.74 seconds.
[[0;32m  OK  [0m] Started Apply the settings specified in cloud-config.
         Starting Execute cloud user/final scripts...
ci-info: no authorized ssh keys fingerprints found for user ubuntu.
<14>Oct 29 11:34:56 ec2: 
<14>Oct 29 11:34:56 ec2: #############################################################
<14>Oct 29 11:34:56 ec2: -----BEGIN SSH HOST KEY FINGERPRINTS-----
<14>Oct 29 11:34:56 ec2: 1024 SHA256:5Tt4IlNWJtHCNKOycYBPcPhKHxxKh8gqa7M0oycrfQI root@ubuntu-xenial (DSA)
<14>Oct 29 11:34:56 ec2: 256 SHA256:mnaW4yAsb6nHMrB9jPjCq+uwpIKNlCtfN5/h2/JoCR4 root@ubuntu-xenial (ECDSA)
<14>Oct 29 11:34:56 ec2: 256 SHA256:sjZBM6OmqOFPGIxbpdjB0NyD0AeDrDF91GyJaupzLvY root@ubuntu-xenial (ED25519)
<14>Oct 29 11:34:56 ec2: 2048 SHA256:PgGk3lhTdfBpCwNW87w64D4N1GQiP17DY8xKiW9obRo root@ubuntu-xenial (RSA)
<14>Oct 29 11:34:56 ec2: -----END SSH HOST KEY FINGERPRINTS-----
<14>Oct 29 11:34:56 ec2: #############################################################
-----BEGIN SSH HOST KEY KEYS-----
ecdsa-sha2-nistp256 AAAAE2VjZHNhLXNoYTItbmlzdHAyNTYAAAAIbmlzdHAyNTYAAABBBBzkxZb7oMGClbxJKGwNx3e9flS2Co/crfryBoLT0ovKPJqSbs0I1G8HknAZ9W3Ubp2Xvz7DJ1YaN6SnMaowqnM= root@ubuntu-xenial
ssh-ed25519 AAAAC3NzaC1lZDI1NTE5AAAAIPsvPbLM1vGzUBX8oAPDZjpk4kMRMpab6yn91iBLbJXd root@ubuntu-xenial
ssh-rsa AAAAB3NzaC1yc2EAAAADAQABAAABAQDrfNDvtnk7/bZiHUgVDu53FULBdPrSEg63geEQlzPwrGiRPWDgBZcRBMrm7xHjs2y7wy5MXQjRNtbMfqpYLqnr1xynsq8CjnXtOFFTVYzSn7wT2cdh5t6b/uj8DASmNgoNUd9xsPL+5ZCUYVezXxSi06oXl1HQlDZePfmVks4VH5ASyAbyrvcTc6VvJjFzu8jHOqOSdzmZ+HpMKne5G4AizCFqx9Xs4CKbSNKTnO6kBnReHxACjsDPuwdEGqK1VqO9teQHM4iljRqKXgXN6cYwKqCwXPHyo4BkYj4EKJCS8yja0NSRF3Cbnx7/XXRxuMHNdcKV0GJwmuAkYRFrbJ1t root@ubuntu-xenial
-----END SSH HOST KEY KEYS-----
[   23.574286] cloud-init[1602]: Cloud-init v. 18.3-9-g2e62cb8a-0ubuntu1~16.04.2 running 'modules:final' at Mon, 29 Oct 2018 11:34:56 +0000. Up 23.15 seconds.
[   23.591142] cloud-init[1602]: ci-info: no authorized ssh keys fingerprints found for user ubuntu.
[   23.596924] cloud-init[1602]: Cloud-init v. 18.3-9-g2e62cb8a-0ubuntu1~16.04.2 finished at Mon, 29 Oct 2018 11:34:56 +0000. Datasource DataSourceNoCloud [seed=/dev/sdb][dsmode=net].  Up 23.56 seconds

Ubuntu 16.04.5 LTS ubuntu-xenial ttyS0

ubuntu-xenial login: 